<?xml version="1.0" encoding="UTF-8"?>
<testsuite xmlns:xsi="http://www.w3.org/2001/XMLSchema-instance" xsi:noNamespaceSchemaLocation="https://maven.apache.org/surefire/maven-surefire-plugin/xsd/surefire-test-report.xsd" name="modele.CacheTest" time="0.009" tests="13" errors="0" skipped="0" failures="0">
  <properties>
[...]
</properties>
  <testcase name="testGetDocNull" classname="modele.CacheTest" time="0"/>
  <testcase name="testGetLimitNull" classname="modele.CacheTest" time="0"/>
  <testcase name="testClearCache" classname="modele.CacheTest" time="0"/>
  <testcase name="testPutCacheType" classname="modele.CacheTest" time="0"/>
  <testcase name="testPutCacheEmprunts" classname="modele.CacheTest" time="0"/>
  <testcase name="testPutVide" classname="modele.CacheTest" time="0"/>
  <testcase name="testGetOnEmptyCache" classname="modele.CacheTest" time="0.001"/>
  <testcase name="testGetTypeDiff" classname="modele.CacheTest" time="0.001"/>
  <testcase name="testGetTypeNull" classname="modele.CacheTest" time="0.001"/>
  <testcase name="testGetModeNull" classname="modele.CacheTest" time="0.001"/>
  <testcase name="testGetLimitOverListSize" classname="modele.CacheTest" time="0.001"/>
  <testcase name="testPutCacheNbExemplaires" classname="modele.CacheTest" time="0"/>
  <testcase name="testPutCacheAuteur" classname="modele.CacheTest" time="0"/>
</testsuite>